C51 COMPILER V9.60.7.0   TIMER_POLLING                                                     03/08/2023 12:06:08 PAGE 1   


C51 COMPILER V9.60.7.0, COMPILATION OF MODULE TIMER_POLLING
OBJECT MODULE PLACED IN .\Objects\timer_polling.obj
COMPILER INVOKED BY: C:\Keil_v5\C51\BIN\C51.EXE timer_polling.c OPTIMIZE(8,SPEED) BROWSE DEBUG OBJECTEXTEND PRINT(.\List
                    -ings\timer_polling.lst) TABS(2) OBJECT(.\Objects\timer_polling.obj)

line level    source

   1          #include <at89c5131.h>
   2          
   3          sbit LED=P3^6;
   4          
   5          //Functions prototype
   6          void timerdelay_ON(void);
   7          void timerdelay_OFF(void);
   8          
   9          /*
  10          The 8051 has two timers T0 and T1.
  11          When used as timers, the 8051 timers count up every 12th clock cycle.
  12          That means for oscillator clock of 24MHz the timer count increments at the rate 24MHz/12 i.e. 2MHz
  13          So one upcount in timer registers takes 0.5 microseconds.
  14          
  15          So to get 4ms delay we need to count for 4ms/0.5us = 8000 count
  16          
  17          Hexadecimal value of -8000 is E0C0H
  18          
  19          OR 
  20          
  21          8000 in hex will be 1F40 . So, 10000 - 1F40 = E0C0H
  22          
  23          */
  24          
  25          //Main function
  26          void main(void){
  27   1        TMOD = 0x10; //Timer 1 in mod 1
  28   1        while(1){
  29   2          LED = 1;
  30   2          timerdelay_ON();
  31   2          LED = 0;
  32   2          timerdelay_OFF();
  33   2        }
  34   1      }
  35          
  36          void timerdelay_ON(void){
  37   1       TL1 = 0xC0; //Starting Count value
  38   1       TH1 = 0xE0;
  39   1       TR1 = 1; //Start bit indicates the counting starts
  40   1       while(TF1 == 0){
  41   2         continue;
  42   2       }
  43   1       TR1 = 0;
  44   1       TF1 = 0;
  45   1      }
  46          
  47          void timerdelay_OFF(void){
  48   1       TL1 = 0x40;
  49   1       TH1 = 0xA2;
  50   1       TR1 = 1;
  51   1       while(TF1 == 0){
  52   2         continue;
  53   2       }
  54   1       TR1 = 0;
C51 COMPILER V9.60.7.0   TIMER_POLLING                                                     03/08/2023 12:06:08 PAGE 2   

  55   1       TF1 = 0;
  56   1      }


MODULE INFORMATION:   STATIC OVERLAYABLE
   CODE SIZE        =     47    ----
   CONSTANT SIZE    =   ----    ----
   XDATA SIZE       =   ----    ----
   PDATA SIZE       =   ----    ----
   DATA SIZE        =   ----    ----
   IDATA SIZE       =   ----    ----
   BIT SIZE         =   ----    ----
END OF MODULE INFORMATION.


C51 COMPILATION COMPLETE.  0 WARNING(S),  0 ERROR(S)
