C51 COMPILER V9.60.7.0   TIMER_INTERRUPT                                                   03/08/2023 12:03:05 PAGE 1   


C51 COMPILER V9.60.7.0, COMPILATION OF MODULE TIMER_INTERRUPT
OBJECT MODULE PLACED IN .\Objects\timer_interrupt.obj
COMPILER INVOKED BY: C:\Keil_v5\C51\BIN\C51.EXE timer_interrupt.c OPTIMIZE(8,SPEED) BROWSE DEBUG OBJECTEXTEND PRINT(.\Li
                    -stings\timer_interrupt.lst) TABS(2) OBJECT(.\Objects\timer_interrupt.obj)

line level    source

   1          #include <at89c5131.h>
   2          
   3          /*
   4          
   5          Two frequency simultaneously with timers in interrupts mode.
   6          
   7          First LED1 time period is 2ms.
   8          Second LED2 time period is 3ms.
   9          
  10          */
  11          
  12          sbit LED1=P3^6;
  13          sbit LED2=P3^7;
  14          
  15          void timer0_isr () interrupt 1
  16          {
  17   1         LED1 = ~LED1;
  18   1         //Reload values for TH0 and TL0. Start timer 0.
  19   1         TL0 = 0x30;
  20   1         TH0 = 0x0F8;
  21   1         TR0 = 1;
  22   1      }
  23          
  24          void timer1_isr () interrupt 3
  25          {
  26   1         LED2 = ~LED2;
  27   1         //Reload values for TH1 and TL1. Start timer 1.
  28   1         TL1 = 0x48;
  29   1         TH1 = 0x0F4;
  30   1         TR1 = 1; 
  31   1      }
  32          
  33          //Main function
  34          void main(void){
  35   1        LED1 = 1;
  36   1        LED2 = 1;
  37   1        TMOD = 0x11;//mode 1 timer 0 and timer 1
  38   1        TH0 = 0x0F8;  //Values for Timer 0 TH0
  39   1        TH1 = 0x0F4;  //Values for Timer 1 TH1
  40   1        TL0 = 0x30;  //Values for Timer 0 TL0
  41   1        TL1 = 0x48;  //Values for Timer 1 TL1
  42   1        ET0 = 1; //activate interrupts for both timers
  43   1        ET1 = 1;
  44   1        EA = 1;  //activate global interrupts
  45   1        TR0 = 1; //start timer 0
  46   1        TR1 = 1; //start timer 1
  47   1        while(1);
  48   1      }


MODULE INFORMATION:   STATIC OVERLAYABLE
   CODE SIZE        =     53    ----
   CONSTANT SIZE    =   ----    ----
   XDATA SIZE       =   ----    ----
C51 COMPILER V9.60.7.0   TIMER_INTERRUPT                                                   03/08/2023 12:03:05 PAGE 2   

   PDATA SIZE       =   ----    ----
   DATA SIZE        =   ----    ----
   IDATA SIZE       =   ----    ----
   BIT SIZE         =   ----    ----
END OF MODULE INFORMATION.


C51 COMPILATION COMPLETE.  0 WARNING(S),  0 ERROR(S)
